# JRE version: OpenJDK Runtime Environment (17.0.6) (build 17.0.6+0-b2043.56-10027231)
# Java VM: OpenJDK 64-Bit Server VM (17.0.6+0-b2043.56-10027231, mixed mode, tiered, compressed oops, compressed class ptrs, g1 gc, windows-amd64)
GC Precious Log:
 CPUs: 8 total, 8 available
 Memory: 16179M
 Large Page Support: Disabled
 NUMA Support: Disabled
 Compressed Oops: Enabled (32-bit)
 Heap Region Size: 1M
 Heap Min Capacity: 8M
 Heap Initial Capacity: 254M
 Heap Max Capacity: 2G
 Pre-touch: Disabled
 Parallel Workers: 8
 Concurrent Workers: 2
 Concurrent Refinement Workers: 8
 Periodic GC: Disabled
Heap:
 garbage-first heap   total 342016K, used 244025K [0x0000000080000000, 0x0000000100000000)
  region size 1024K, 70 young (71680K), 6 survivors (6144K)
 Metaspace       used 118780K, committed 119552K, reserved 1155072K
  class space    used 15468K, committed 15808K, reserved 1048576K
GC Heap History (20 events):
Event: 2514.760 GC heap before
{Heap before GC invocations=42 (full 0):
 garbage-first heap   total 275456K, used 227917K [0x0000000080000000, 0x0000000100000000)
  region size 1024K, 85 young (87040K), 2 survivors (2048K)
 Metaspace       used 105840K, committed 106816K, reserved 1146880K
  class space    used 14101K, committed 14592K, reserved 1048576K
}
Event: 2514.767 GC heap after
{Heap after GC invocations=43 (full 0):
 garbage-first heap   total 275456K, used 154792K [0x0000000080000000, 0x0000000100000000)
  region size 1024K, 11 young (11264K), 11 survivors (11264K)
 Metaspace       used 105840K, committed 106816K, reserved 1146880K
  class space    used 14101K, committed 14592K, reserved 1048576K
}
Event: 2515.782 GC heap before
{Heap before GC invocations=44 (full 0):
 garbage-first heap   total 275456K, used 226472K [0x0000000080000000, 0x0000000100000000)
  region size 1024K, 82 young (83968K), 11 survivors (11264K)
 Metaspace       used 109954K, committed 110720K, reserved 1146880K
  class space    used 14617K, committed 14976K, reserved 1048576K
}
Event: 2515.791 GC heap after
{Heap after GC invocations=45 (full 0):
 garbage-first heap   total 275456K, used 164786K [0x0000000080000000, 0x0000000100000000)
  region size 1024K, 10 young (10240K), 10 survivors (10240K)
 Metaspace       used 109954K, committed 110720K, reserved 1146880K
  class space    used 14617K, committed 14976K, reserved 1048576K
}
Event: 2515.853 GC heap before
{Heap before GC invocations=45 (full 0):
 garbage-first heap   total 275456K, used 167858K [0x0000000080000000, 0x0000000100000000)
  region size 1024K, 13 young (13312K), 10 survivors (10240K)
 Metaspace       used 109965K, committed 110720K, reserved 1146880K
  class space    used 14617K, committed 14976K, reserved 1048576K
}
Event: 2515.861 GC heap after
{Heap after GC invocations=46 (full 0):
 garbage-first heap   total 275456K, used 158208K [0x0000000080000000, 0x0000000100000000)
  region size 1024K, 2 young (2048K), 2 survivors (2048K)
 Metaspace       used 109965K, committed 110720K, reserved 1146880K
  class space    used 14617K, committed 14976K, reserved 1048576K
}
Event: 2515.980 GC heap before
{Heap before GC invocations=46 (full 0):
 garbage-first heap   total 275456K, used 165376K [0x0000000080000000, 0x0000000100000000)
  region size 1024K, 10 young (10240K), 2 survivors (2048K)
 Metaspace       used 110010K, committed 110784K, reserved 1146880K
  class space    used 14617K, committed 14976K, reserved 1048576K
}
Event: 2515.982 GC heap after
{Heap after GC invocations=47 (full 0):
 garbage-first heap   total 275456K, used 160550K [0x0000000080000000, 0x0000000100000000)
  region size 1024K, 5 young (5120K), 5 survivors (5120K)
 Metaspace       used 110010K, committed 110784K, reserved 1146880K
  class space    used 14617K, committed 14976K, reserved 1048576K
}
Event: 2516.817 GC heap before
{Heap before GC invocations=48 (full 0):
 garbage-first heap   total 301056K, used 234278K [0x0000000080000000, 0x0000000100000000)
  region size 1024K, 60 young (61440K), 5 survivors (5120K)
 Metaspace       used 110780K, committed 111488K, reserved 1146880K
  class space    used 14693K, committed 15040K, reserved 1048576K
}
Event: 2516.829 GC heap after
{Heap after GC invocations=49 (full 0):
 garbage-first heap   total 301056K, used 180224K [0x0000000080000000, 0x0000000100000000)
  region size 1024K, 8 young (8192K), 8 survivors (8192K)
 Metaspace       used 110780K, committed 111488K, reserved 1146880K
  class space    used 14693K, committed 15040K, reserved 1048576K
}
Event: 2516.969 GC heap before
{Heap before GC invocations=49 (full 0):
 garbage-first heap   total 301056K, used 185344K [0x0000000080000000, 0x0000000100000000)
  region size 1024K, 14 young (14336K), 8 survivors (8192K)
 Metaspace       used 112668K, committed 113408K, reserved 1155072K
  class space    used 14969K, committed 15296K, reserved 1048576K
}
Event: 2516.976 GC heap after
{Heap after GC invocations=50 (full 0):
 garbage-first heap   total 301056K, used 180253K [0x0000000080000000, 0x0000000100000000)
  region size 1024K, 2 young (2048K), 2 survivors (2048K)
 Metaspace       used 112668K, committed 113408K, reserved 1155072K
  class space    used 14969K, committed 15296K, reserved 1048576K
}
Event: 2517.308 GC heap before
{Heap before GC invocations=50 (full 0):
 garbage-first heap   total 301056K, used 203805K [0x0000000080000000, 0x0000000100000000)
  region size 1024K, 26 young (26624K), 2 survivors (2048K)
 Metaspace       used 113058K, committed 113856K, reserved 1155072K
  class space    used 14997K, committed 15360K, reserved 1048576K
}
Event: 2517.314 GC heap after
{Heap after GC invocations=51 (full 0):
 garbage-first heap   total 301056K, used 184853K [0x0000000080000000, 0x0000000100000000)
  region size 1024K, 6 young (6144K), 6 survivors (6144K)
 Metaspace       used 113058K, committed 113856K, reserved 1155072K
  class space    used 14997K, committed 15360K, reserved 1048576K
}
Event: 2517.702 GC heap before
{Heap before GC invocations=52 (full 0):
 garbage-first heap   total 342016K, used 254485K [0x0000000080000000, 0x0000000100000000)
  region size 1024K, 58 young (59392K), 6 survivors (6144K)
 Metaspace       used 116027K, committed 116800K, reserved 1155072K
  class space    used 15247K, committed 15616K, reserved 1048576K
}
Event: 2517.707 GC heap after
{Heap after GC invocations=53 (full 0):
 garbage-first heap   total 342016K, used 187866K [0x0000000080000000, 0x0000000100000000)
  region size 1024K, 8 young (8192K), 8 survivors (8192K)
 Metaspace       used 116027K, committed 116800K, reserved 1155072K
  class space    used 15247K, committed 15616K, reserved 1048576K
}
Event: 2517.747 GC heap before
{Heap before GC invocations=53 (full 0):
 garbage-first heap   total 342016K, used 195034K [0x0000000080000000, 0x0000000100000000)
  region size 1024K, 16 young (16384K), 8 survivors (8192K)
 Metaspace       used 116301K, committed 117056K, reserved 1155072K
  class space    used 15270K, committed 15616K, reserved 1048576K
}
Event: 2517.752 GC heap after
{Heap after GC invocations=54 (full 0):
 garbage-first heap   total 342016K, used 187644K [0x0000000080000000, 0x0000000100000000)
  region size 1024K, 2 young (2048K), 2 survivors (2048K)
 Metaspace       used 116301K, committed 117056K, reserved 1155072K
  class space    used 15270K, committed 15616K, reserved 1048576K
}
Event: 2518.033 GC heap before
{Heap before GC invocations=54 (full 0):
 garbage-first heap   total 342016K, used 261372K [0x0000000080000000, 0x0000000100000000)
  region size 1024K, 74 young (75776K), 2 survivors (2048K)
 Metaspace       used 117426K, committed 118208K, reserved 1155072K
  class space    used 15342K, committed 15680K, reserved 1048576K
}
Event: 2518.037 GC heap after
{Heap after GC invocations=55 (full 0):
 garbage-first heap   total 342016K, used 191801K [0x0000000080000000, 0x0000000100000000)
  region size 1024K, 6 young (6144K), 6 survivors (6144K)
 Metaspace       used 117426K, committed 118208K, reserved 1155072K
  class space    used 15342K, committed 15680K, reserved 1048576K
}

