# JRE version: OpenJDK Runtime Environment (11.0.15) (build 11.0.15+0-b2043.56-9505619)
# Java VM: OpenJDK 64-Bit Server VM (11.0.15+0-b2043.56-9505619, mixed mode, tiered, compressed oops, g1 gc, windows-amd64)
Heap:
 garbage-first heap   total 674816K, used 212763K [0x0000000080000000, 0x0000000100000000)
  region size 1024K, 2 young (2048K), 2 survivors (2048K)
 Metaspace       used 122170K, capacity 125729K, committed 126512K, reserved 1159168K
  class space    used 15545K, capacity 16934K, committed 17280K, reserved 1048576K
GC Heap History (20 events):
Event: 78.750 GC heap after
{Heap after GC invocations=28 (full 0):
 garbage-first heap   total 260096K, used 177908K [0x0000000080000000, 0x0000000100000000)
  region size 1024K, 7 young (7168K), 7 survivors (7168K)
 Metaspace       used 119770K, capacity 123342K, committed 124080K, reserved 1157120K
  class space    used 15441K, capacity 16829K, committed 17152K, reserved 1048576K
}
Event: 78.977 GC heap before
{Heap before GC invocations=28 (full 0):
 garbage-first heap   total 260096K, used 217844K [0x0000000080000000, 0x0000000100000000)
  region size 1024K, 46 young (47104K), 7 survivors (7168K)
 Metaspace       used 120103K, capacity 123618K, committed 124592K, reserved 1157120K
  class space    used 15416K, capacity 16791K, committed 17152K, reserved 1048576K
}
Event: 78.992 GC heap after
{Heap after GC invocations=29 (full 0):
 garbage-first heap   total 260096K, used 182604K [0x0000000080000000, 0x0000000100000000)
  region size 1024K, 5 young (5120K), 5 survivors (5120K)
 Metaspace       used 120103K, capacity 123618K, committed 124592K, reserved 1157120K
  class space    used 15416K, capacity 16791K, committed 17152K, reserved 1048576K
}
Event: 79.118 GC heap before
{Heap before GC invocations=30 (full 0):
 garbage-first heap   total 260096K, used 217420K [0x0000000080000000, 0x0000000100000000)
  region size 1024K, 40 young (40960K), 5 survivors (5120K)
 Metaspace       used 120304K, capacity 123818K, committed 124592K, reserved 1157120K
  class space    used 15468K, capacity 16856K, committed 17152K, reserved 1048576K
}
Event: 79.128 GC heap after
{Heap after GC invocations=31 (full 0):
 garbage-first heap   total 350208K, used 185565K [0x0000000080000000, 0x0000000100000000)
  region size 1024K, 4 young (4096K), 4 survivors (4096K)
 Metaspace       used 120304K, capacity 123818K, committed 124592K, reserved 1157120K
  class space    used 15468K, capacity 16856K, committed 17152K, reserved 1048576K
}
Event: 79.155 GC heap before
{Heap before GC invocations=31 (full 0):
 garbage-first heap   total 350208K, used 198877K [0x0000000080000000, 0x0000000100000000)
  region size 1024K, 17 young (17408K), 4 survivors (4096K)
 Metaspace       used 120333K, capacity 123882K, committed 124592K, reserved 1157120K
  class space    used 15468K, capacity 16856K, committed 17152K, reserved 1048576K
}
Event: 79.161 GC heap after
{Heap after GC invocations=32 (full 0):
 garbage-first heap   total 350208K, used 185912K [0x0000000080000000, 0x0000000100000000)
  region size 1024K, 2 young (2048K), 2 survivors (2048K)
 Metaspace       used 120333K, capacity 123882K, committed 124592K, reserved 1157120K
  class space    used 15468K, capacity 16856K, committed 17152K, reserved 1048576K
}
Event: 79.370 GC heap before
{Heap before GC invocations=32 (full 0):
 garbage-first heap   total 350208K, used 260664K [0x0000000080000000, 0x0000000100000000)
  region size 1024K, 76 young (77824K), 2 survivors (2048K)
 Metaspace       used 120818K, capacity 124394K, committed 125104K, reserved 1157120K
  class space    used 15493K, capacity 16871K, committed 17152K, reserved 1048576K
}
Event: 79.377 GC heap after
{Heap after GC invocations=33 (full 0):
 garbage-first heap   total 350208K, used 189684K [0x0000000080000000, 0x0000000100000000)
  region size 1024K, 6 young (6144K), 6 survivors (6144K)
 Metaspace       used 120818K, capacity 124394K, committed 125104K, reserved 1157120K
  class space    used 15493K, capacity 16871K, committed 17152K, reserved 1048576K
}
Event: 79.628 GC heap before
{Heap before GC invocations=33 (full 0):
 garbage-first heap   total 350208K, used 267508K [0x0000000080000000, 0x0000000100000000)
  region size 1024K, 82 young (83968K), 6 survivors (6144K)
 Metaspace       used 121190K, capacity 124760K, committed 125488K, reserved 1157120K
  class space    used 15511K, capacity 16906K, committed 17280K, reserved 1048576K
}
Event: 79.637 GC heap after
{Heap after GC invocations=34 (full 0):
 garbage-first heap   total 350208K, used 191973K [0x0000000080000000, 0x0000000100000000)
  region size 1024K, 8 young (8192K), 8 survivors (8192K)
 Metaspace       used 121190K, capacity 124760K, committed 125488K, reserved 1157120K
  class space    used 15511K, capacity 16906K, committed 17280K, reserved 1048576K
}
Event: 79.768 GC heap before
{Heap before GC invocations=35 (full 0):
 garbage-first heap   total 350208K, used 271845K [0x0000000080000000, 0x0000000100000000)
  region size 1024K, 87 young (89088K), 8 survivors (8192K)
 Metaspace       used 121244K, capacity 124784K, committed 125488K, reserved 1157120K
  class space    used 15519K, capacity 16914K, committed 17280K, reserved 1048576K
}
Event: 79.778 GC heap after
{Heap after GC invocations=36 (full 0):
 garbage-first heap   total 427008K, used 197210K [0x0000000080000000, 0x0000000100000000)
  region size 1024K, 8 young (8192K), 8 survivors (8192K)
 Metaspace       used 121244K, capacity 124784K, committed 125488K, reserved 1157120K
  class space    used 15519K, capacity 16914K, committed 17280K, reserved 1048576K
}
Event: 79.797 GC heap before
{Heap before GC invocations=36 (full 0):
 garbage-first heap   total 427008K, used 208474K [0x0000000080000000, 0x0000000100000000)
  region size 1024K, 20 young (20480K), 8 survivors (8192K)
 Metaspace       used 121244K, capacity 124784K, committed 125488K, reserved 1157120K
  class space    used 15519K, capacity 16914K, committed 17280K, reserved 1048576K
}
Event: 79.818 GC heap after
{Heap after GC invocations=37 (full 0):
 garbage-first heap   total 427008K, used 198895K [0x0000000080000000, 0x0000000100000000)
  region size 1024K, 3 young (3072K), 3 survivors (3072K)
 Metaspace       used 121244K, capacity 124784K, committed 125488K, reserved 1157120K
  class space    used 15519K, capacity 16914K, committed 17280K, reserved 1048576K
}
Event: 80.072 GC heap before
{Heap before GC invocations=37 (full 0):
 garbage-first heap   total 427008K, used 312559K [0x0000000080000000, 0x0000000100000000)
  region size 1024K, 115 young (117760K), 3 survivors (3072K)
 Metaspace       used 121881K, capacity 125422K, committed 126256K, reserved 1159168K
  class space    used 15538K, capacity 16927K, committed 17280K, reserved 1048576K
}
Event: 80.084 GC heap after
{Heap after GC invocations=38 (full 0):
 garbage-first heap   total 427008K, used 205462K [0x0000000080000000, 0x0000000100000000)
  region size 1024K, 9 young (9216K), 9 survivors (9216K)
 Metaspace       used 121881K, capacity 125422K, committed 126256K, reserved 1159168K
  class space    used 15538K, capacity 16927K, committed 17280K, reserved 1048576K
}
Event: 80.385 GC heap before
{Heap before GC invocations=39 (full 0):
 garbage-first heap   total 427008K, used 323222K [0x0000000080000000, 0x0000000100000000)
  region size 1024K, 124 young (126976K), 9 survivors (9216K)
 Metaspace       used 122168K, capacity 125726K, committed 126512K, reserved 1159168K
  class space    used 15544K, capacity 16933K, committed 17280K, reserved 1048576K
}
Event: 80.397 GC heap after
{Heap after GC invocations=40 (full 0):
 garbage-first heap   total 427008K, used 214303K [0x0000000080000000, 0x0000000100000000)
  region size 1024K, 16 young (16384K), 16 survivors (16384K)
 Metaspace       used 122168K, capacity 125726K, committed 126512K, reserved 1159168K
  class space    used 15544K, capacity 16933K, committed 17280K, reserved 1048576K
}
Event: 80.403 GC heap before
{Heap before GC invocations=40 (full 0):
 garbage-first heap   total 427008K, used 218399K [0x0000000080000000, 0x0000000100000000)
  region size 1024K, 20 young (20480K), 16 survivors (16384K)
 Metaspace       used 122170K, capacity 125729K, committed 126512K, reserved 1159168K
  class space    used 15545K, capacity 16934K, committed 17280K, reserved 1048576K
}

