# JRE version: OpenJDK Runtime Environment (11.0.15) (build 11.0.15+0-b2043.56-9505619)
# Java VM: OpenJDK 64-Bit Server VM (11.0.15+0-b2043.56-9505619, mixed mode, tiered, compressed oops, g1 gc, windows-amd64)
Heap:
 garbage-first heap   total 376832K, used 254404K [0x0000000080000000, 0x0000000100000000)
  region size 1024K, 10 young (10240K), 3 survivors (3072K)
 Metaspace       used 110857K, capacity 114286K, committed 114556K, reserved 1148928K
  class space    used 14159K, capacity 15437K, committed 15564K, reserved 1048576K
GC Heap History (20 events):
Event: 27.611 GC heap before
{Heap before GC invocations=38 (full 0):
 garbage-first heap   total 260096K, used 215844K [0x0000000080000000, 0x0000000100000000)
  region size 1024K, 5 young (5120K), 2 survivors (2048K)
 Metaspace       used 108462K, capacity 111720K, committed 111868K, reserved 1146880K
  class space    used 13940K, capacity 15145K, committed 15180K, reserved 1048576K
}
Event: 27.614 GC heap after
{Heap after GC invocations=39 (full 0):
 garbage-first heap   total 260096K, used 216494K [0x0000000080000000, 0x0000000100000000)
  region size 1024K, 2 young (2048K), 2 survivors (2048K)
 Metaspace       used 108462K, capacity 111720K, committed 111868K, reserved 1146880K
  class space    used 13940K, capacity 15145K, committed 15180K, reserved 1048576K
}
Event: 27.675 GC heap before
{Heap before GC invocations=39 (full 0):
 garbage-first heap   total 260096K, used 235950K [0x0000000080000000, 0x0000000100000000)
  region size 1024K, 12 young (12288K), 2 survivors (2048K)
 Metaspace       used 108471K, capacity 111720K, committed 111868K, reserved 1146880K
  class space    used 13940K, capacity 15145K, committed 15180K, reserved 1048576K
}
Event: 27.680 GC heap after
{Heap after GC invocations=40 (full 0):
 garbage-first heap   total 260096K, used 225649K [0x0000000080000000, 0x0000000100000000)
  region size 1024K, 2 young (2048K), 2 survivors (2048K)
 Metaspace       used 108471K, capacity 111720K, committed 111868K, reserved 1146880K
  class space    used 13940K, capacity 15145K, committed 15180K, reserved 1048576K
}
Event: 27.809 GC heap before
{Heap before GC invocations=41 (full 0):
 garbage-first heap   total 260096K, used 235889K [0x0000000080000000, 0x0000000100000000)
  region size 1024K, 12 young (12288K), 2 survivors (2048K)
 Metaspace       used 108539K, capacity 111784K, committed 111868K, reserved 1146880K
  class space    used 13940K, capacity 15145K, committed 15180K, reserved 1048576K
}
Event: 27.814 GC heap after
{Heap after GC invocations=42 (full 0):
 garbage-first heap   total 260096K, used 229506K [0x0000000080000000, 0x0000000100000000)
  region size 1024K, 2 young (2048K), 2 survivors (2048K)
 Metaspace       used 108539K, capacity 111784K, committed 111868K, reserved 1146880K
  class space    used 13940K, capacity 15145K, committed 15180K, reserved 1048576K
}
Event: 27.893 GC heap before
{Heap before GC invocations=42 (full 0):
 garbage-first heap   total 260096K, used 239746K [0x0000000080000000, 0x0000000100000000)
  region size 1024K, 12 young (12288K), 2 survivors (2048K)
 Metaspace       used 108664K, capacity 111945K, committed 112252K, reserved 1146880K
  class space    used 13947K, capacity 15177K, committed 15308K, reserved 1048576K
}
Event: 27.896 GC heap after
{Heap after GC invocations=43 (full 0):
 garbage-first heap   total 260096K, used 231380K [0x0000000080000000, 0x0000000100000000)
  region size 1024K, 2 young (2048K), 2 survivors (2048K)
 Metaspace       used 108664K, capacity 111945K, committed 112252K, reserved 1146880K
  class space    used 13947K, capacity 15177K, committed 15308K, reserved 1048576K
}
Event: 27.974 GC heap before
{Heap before GC invocations=43 (full 0):
 garbage-first heap   total 260096K, used 241620K [0x0000000080000000, 0x0000000100000000)
  region size 1024K, 12 young (12288K), 2 survivors (2048K)
 Metaspace       used 109091K, capacity 112426K, committed 112508K, reserved 1146880K
  class space    used 14005K, capacity 15254K, committed 15308K, reserved 1048576K
}
Event: 27.977 GC heap after
{Heap after GC invocations=44 (full 0):
 garbage-first heap   total 260096K, used 232915K [0x0000000080000000, 0x0000000100000000)
  region size 1024K, 1 young (1024K), 1 survivors (1024K)
 Metaspace       used 109091K, capacity 112426K, committed 112508K, reserved 1146880K
  class space    used 14005K, capacity 15254K, committed 15308K, reserved 1048576K
}
Event: 28.188 GC heap before
{Heap before GC invocations=45 (full 0):
 garbage-first heap   total 260096K, used 251347K [0x0000000080000000, 0x0000000100000000)
  region size 1024K, 12 young (12288K), 1 survivors (1024K)
 Metaspace       used 109275K, capacity 112597K, committed 112764K, reserved 1146880K
  class space    used 14021K, capacity 15267K, committed 15308K, reserved 1048576K
}
Event: 28.195 GC heap after
{Heap after GC invocations=46 (full 0):
 garbage-first heap   total 312320K, used 234680K [0x0000000080000000, 0x0000000100000000)
  region size 1024K, 2 young (2048K), 2 survivors (2048K)
 Metaspace       used 109275K, capacity 112597K, committed 112764K, reserved 1146880K
  class space    used 14021K, capacity 15267K, committed 15308K, reserved 1048576K
}
Event: 28.358 GC heap before
{Heap before GC invocations=46 (full 0):
 garbage-first heap   total 312320K, used 247992K [0x0000000080000000, 0x0000000100000000)
  region size 1024K, 15 young (15360K), 2 survivors (2048K)
 Metaspace       used 109312K, capacity 112661K, committed 112764K, reserved 1146880K
  class space    used 14021K, capacity 15267K, committed 15308K, reserved 1048576K
}
Event: 28.362 GC heap after
{Heap after GC invocations=47 (full 0):
 garbage-first heap   total 312320K, used 236859K [0x0000000080000000, 0x0000000100000000)
  region size 1024K, 2 young (2048K), 2 survivors (2048K)
 Metaspace       used 109312K, capacity 112661K, committed 112764K, reserved 1146880K
  class space    used 14021K, capacity 15267K, committed 15308K, reserved 1048576K
}
Event: 28.603 GC heap before
{Heap before GC invocations=47 (full 0):
 garbage-first heap   total 312320K, used 254267K [0x0000000080000000, 0x0000000100000000)
  region size 1024K, 20 young (20480K), 2 survivors (2048K)
 Metaspace       used 109414K, capacity 112764K, committed 113148K, reserved 1146880K
  class space    used 14031K, capacity 15301K, committed 15436K, reserved 1048576K
}
Event: 28.608 GC heap after
{Heap after GC invocations=48 (full 0):
 garbage-first heap   total 312320K, used 242346K [0x0000000080000000, 0x0000000100000000)
  region size 1024K, 3 young (3072K), 3 survivors (3072K)
 Metaspace       used 109414K, capacity 112764K, committed 113148K, reserved 1146880K
  class space    used 14031K, capacity 15301K, committed 15436K, reserved 1048576K
}
Event: 28.812 GC heap before
{Heap before GC invocations=48 (full 0):
 garbage-first heap   total 312320K, used 275114K [0x0000000080000000, 0x0000000100000000)
  region size 1024K, 19 young (19456K), 3 survivors (3072K)
 Metaspace       used 109784K, capacity 113219K, committed 113404K, reserved 1146880K
  class space    used 14063K, capacity 15333K, committed 15436K, reserved 1048576K
}
Event: 28.817 GC heap after
{Heap after GC invocations=49 (full 0):
 garbage-first heap   total 312320K, used 245227K [0x0000000080000000, 0x0000000100000000)
  region size 1024K, 3 young (3072K), 3 survivors (3072K)
 Metaspace       used 109784K, capacity 113219K, committed 113404K, reserved 1146880K
  class space    used 14063K, capacity 15333K, committed 15436K, reserved 1048576K
}
Event: 28.868 GC heap before
{Heap before GC invocations=50 (full 0):
 garbage-first heap   total 312320K, used 260587K [0x0000000080000000, 0x0000000100000000)
  region size 1024K, 19 young (19456K), 3 survivors (3072K)
 Metaspace       used 110250K, capacity 113752K, committed 113916K, reserved 1148928K
  class space    used 14104K, capacity 15379K, committed 15436K, reserved 1048576K
}
Event: 28.873 GC heap after
{Heap after GC invocations=51 (full 0):
 garbage-first heap   total 376832K, used 248260K [0x0000000080000000, 0x0000000100000000)
  region size 1024K, 3 young (3072K), 3 survivors (3072K)
 Metaspace       used 110250K, capacity 113752K, committed 113916K, reserved 1148928K
  class space    used 14104K, capacity 15379K, committed 15436K, reserved 1048576K
}

